<?xml version="1.0" encoding="UTF-8"?>
<testsuite name="org.vss.auth.JwtAuthorizerTest" tests="4" skipped="0" failures="0" errors="0" timestamp="2025-01-13T10:24:54" hostname="MacBook-Pro.local" time="1.344">
  <properties/>
  <testcase name="testValidJwtToken()" classname="org.vss.auth.JwtAuthorizerTest" time="0.875"/>
  <testcase name="testInvalidJwtToken()" classname="org.vss.auth.JwtAuthorizerTest" time="0.464"/>
  <testcase name="testInvalidAuthorizationHeader()" classname="org.vss.auth.JwtAuthorizerTest" time="0.002"/>
  <testcase name="testMissingAuthorizationHeader()" classname="org.vss.auth.JwtAuthorizerTest" time="0.001"/>
  <system-out><![CDATA[]]></system-out>
  <system-err><![CDATA[]]></system-err>
</testsuite>
